<?xml version="1.0" encoding="UTF-8"?>
<testsuite xmlns:xsi="http://www.w3.org/2001/XMLSchema-instance" xsi:noNamespaceSchemaLocation="https://maven.apache.org/surefire/maven-surefire-plugin/xsd/surefire-test-report-3.0.xsd" version="3.0" name="com.phegondev.InventoryMgtSystem.InventoryMgtSystemApplicationTests" time="16.539" tests="1" errors="0" skipped="0" failures="0">
  <properties>
[...]
</properties>
  <testcase name="contextLoads" classname="com.phegondev.InventoryMgtSystem.InventoryMgtSystemApplicationTests" time="0.904">
    <system-out><![CDATA[12:35:16.233 [main] INFO org.springframework.test.context.support.AnnotationConfigContextLoaderUtils -- Could not detect default configuration classes for test class [com.phegondev.InventoryMgtSystem.InventoryMgtSystemApplicationTests]: InventoryMgtSystemApplicationTests does not declare any static, non-private, non-final, nested classes annotated with @Configuration.
12:35:16.501 [main] INFO org.springframework.boot.test.context.SpringBootTestContextBootstrapper -- Found @SpringBootConfiguration com.phegondev.InventoryMgtSystem.InventoryMgtSystemApplication for test class com.phegondev.InventoryMgtSystem.InventoryMgtSystemApplicationTests

  .   ____          _            __ _ _
 /\\ / ___'_ __ _ _(_)_ __  __ _ \ \ \ \
( ( )\___ | '_ | '_| | '_ \/ _` | \ \ \ \
 \\/  ___)| |_)| | | | | || (_| |  ) ) ) )
  '  |____| .__|_| |_|_| |_\__, | / / / /
 =========|_|==============|___/=/_/_/_/

 :: Spring Boot ::                (v3.3.5)

2025-12-13T12:35:17.531+01:00  INFO 24852 --- [InventoryMgtSystem] [           main] c.p.I.InventoryMgtSystemApplicationTests : Starting InventoryMgtSystemApplicationTests using Java 21.0.6 with PID 24852 (started by Stoked in E:\Projets\projet jee\testMultiEntreprise\backend)
2025-12-13T12:35:17.534+01:00  INFO 24852 --- [InventoryMgtSystem] [           main] c.p.I.InventoryMgtSystemApplicationTests : No active profile set, falling back to 1 default profile: "default"
2025-12-13T12:35:20.102+01:00  INFO 24852 --- [InventoryMgtSystem] [           main] .s.d.r.c.RepositoryConfigurationDelegate : Bootstrapping Spring Data JPA repositories in DEFAULT mode.
2025-12-13T12:35:20.309+01:00  INFO 24852 --- [InventoryMgtSystem] [           main] .s.d.r.c.RepositoryConfigurationDelegate : Finished Spring Data repository scanning in 191 ms. Found 7 JPA repository interfaces.
2025-12-13T12:35:21.808+01:00  INFO 24852 --- [InventoryMgtSystem] [           main] o.hibernate.jpa.internal.util.LogHelper  : HHH000204: Processing PersistenceUnitInfo [name: default]
2025-12-13T12:35:22.077+01:00  INFO 24852 --- [InventoryMgtSystem] [           main] org.hibernate.Version                    : HHH000412: Hibernate ORM core version 6.5.3.Final
2025-12-13T12:35:22.174+01:00  INFO 24852 --- [InventoryMgtSystem] [           main] o.h.c.internal.RegionFactoryInitiator    : HHH000026: Second-level cache disabled
2025-12-13T12:35:23.019+01:00  INFO 24852 --- [InventoryMgtSystem] [           main] o.s.o.j.p.SpringPersistenceUnitInfo      : No LoadTimeWeaver setup: ignoring JPA class transformer
2025-12-13T12:35:23.103+01:00  INFO 24852 --- [InventoryMgtSystem] [           main] com.zaxxer.hikari.HikariDataSource       : HikariPool-1 - Starting...
2025-12-13T12:35:23.975+01:00  INFO 24852 --- [InventoryMgtSystem] [           main] com.zaxxer.hikari.pool.HikariPool        : HikariPool-1 - Added connection com.mysql.cj.jdbc.ConnectionImpl@3f45dfec
2025-12-13T12:35:23.978+01:00  INFO 24852 --- [InventoryMgtSystem] [           main] com.zaxxer.hikari.HikariDataSource       : HikariPool-1 - Start completed.
2025-12-13T12:35:24.243+01:00  WARN 24852 --- [InventoryMgtSystem] [           main] org.hibernate.orm.deprecation            : HHH90000025: MySQLDialect does not need to be specified explicitly using 'hibernate.dialect' (remove the property setting and it will be selected by default)
2025-12-13T12:35:26.571+01:00  INFO 24852 --- [InventoryMgtSystem] [           main] o.h.e.t.j.p.i.JtaPlatformInitiator       : HHH000489: No JTA platform available (set 'hibernate.transaction.jta.platform' to enable JTA platform integration)
2025-12-13T12:35:26.799+01:00  INFO 24852 --- [InventoryMgtSystem] [           main] j.LocalContainerEntityManagerFactoryBean : Initialized JPA EntityManagerFactory for persistence unit 'default'
2025-12-13T12:35:28.222+01:00  INFO 24852 --- [InventoryMgtSystem] [           main] o.s.d.j.r.query.QueryEnhancerFactory     : Hibernate is in classpath; If applicable, HQL parser will be used.
2025-12-13T12:35:29.724+01:00  WARN 24852 --- [InventoryMgtSystem] [           main] JpaBaseConfiguration$JpaWebConfiguration : spring.jpa.open-in-view is enabled by default. Therefore, database queries may be performed during view rendering. Explicitly configure spring.jpa.open-in-view to disable this warning
2025-12-13T12:35:29.802+01:00  INFO 24852 --- [InventoryMgtSystem] [           main] r$InitializeUserDetailsManagerConfigurer : Global AuthenticationManager configured with UserDetailsService bean with name customUserDetailsService
2025-12-13T12:35:31.215+01:00  WARN 24852 --- [InventoryMgtSystem] [           main] ion$DefaultTemplateResolverConfiguration : Cannot find template location: classpath:/templates/ (please add some templates, check your Thymeleaf configuration, or set spring.thymeleaf.check-template-location=false)
2025-12-13T12:35:31.449+01:00  INFO 24852 --- [InventoryMgtSystem] [           main] c.p.I.InventoryMgtSystemApplicationTests : Started InventoryMgtSystemApplicationTests in 14.662 seconds (process running for 16.815)
]]></system-out>
    <system-err><![CDATA[WARNING: A Java agent has been loaded dynamically (C:\Users\Stoked\.m2\repository\net\bytebuddy\byte-buddy-agent\1.14.19\byte-buddy-agent-1.14.19.jar)
WARNING: If a serviceability tool is in use, please run with -XX:+EnableDynamicAgentLoading to hide this warning
WARNING: If a serviceability tool is not in use, please run with -Djdk.instrument.traceUsage for more information
WARNING: Dynamic loading of agents will be disallowed by default in a future release
]]></system-err>
  </testcase>
</testsuite>